
         _              _             _____   ____  
        / \     _   _  | |_    ___   |___ /  |  _ \ 
       / _ \   | | | | | __|  / _ \    |_ \  | | | |
      / ___ \  | |_| | | |_  | (_) |  ___) | | |_| |
     /_/   \_\  \__,_|  \__|  \___/  |____/  |____/  1.13
        // Automatic generation of the low-energy 3D structures                                      
    
================================================================================
                               INPUT PARAMETERS
================================================================================
path: C:\Users\edens\Documents\GitHub\conformers_project\python_code\CHEMBL.smi
k: 1
window: False
verbose: False
job_name: 20221025-125234-181460
enumerate_tautomer: False
tauto_engine: rdkit
pKaNorm: True
isomer_engine: rdkit
enumerate_isomer: True
mode_oe: classic
mpi_np: 4
max_confs: None
use_gpu: True
capacity: 42
gpu_idx: 0
optimizing_engine: AIMNET
patience: 1000
opt_steps: 5000
convergence_threshold: 0.003
threshold: 0.3
memory: None
================================================================================
                               RUNNING PROCESS
================================================================================
Checking input file...
